Running on node: odo02
Python3 executable path: /gpfs/wolf2/olcf/trn040/scratch/kmn3/envs/hf-transformers1/bin/python3
Current working directory: /gpfs/wolf2/olcf/trn040/scratch/kmn3
(22615, 2)
{'question': 'what are the signs and symptoms of CBB disease?', 'answers': 'The disease causes wilting, yellowing of the leaves, and rotting of the stems and roots'}
trainable params: 3,407,872 || all params: 8,033,669,120 || trainable%: 0.0424
{'loss': 4.4704, 'grad_norm': 1.3363944292068481, 'learning_rate': 4e-05, 'num_tokens': 616.0, 'mean_token_accuracy': 0.24281885728240013, 'epoch': 0.0}
{'loss': 4.4379, 'grad_norm': 2.726250410079956, 'learning_rate': 4e-05, 'num_tokens': 1139.0, 'mean_token_accuracy': 0.2342284144461155, 'epoch': 0.0}
{'loss': 3.8661, 'grad_norm': 6.161780834197998, 'learning_rate': 4e-05, 'num_tokens': 1719.0, 'mean_token_accuracy': 0.3362055326998234, 'epoch': 0.01}
{'loss': 3.7137, 'grad_norm': 5.373095989227295, 'learning_rate': 4e-05, 'num_tokens': 2337.0, 'mean_token_accuracy': 0.34826076686382296, 'epoch': 0.01}
{'loss': 3.4342, 'grad_norm': 6.438706874847412, 'learning_rate': 4e-05, 'num_tokens': 2992.0, 'mean_token_accuracy': 0.33476886138319967, 'epoch': 0.01}
{'loss': 3.4552, 'grad_norm': 5.638291835784912, 'learning_rate': 4e-05, 'num_tokens': 3602.0, 'mean_token_accuracy': 0.34207199186086656, 'epoch': 0.01}
{'loss': 3.1994, 'grad_norm': 13.5742769241333, 'learning_rate': 4e-05, 'num_tokens': 4195.0, 'mean_token_accuracy': 0.3746973930299282, 'epoch': 0.02}
{'loss': 3.4482, 'grad_norm': 8.633678436279297, 'learning_rate': 4e-05, 'num_tokens': 4813.0, 'mean_token_accuracy': 0.3479443515837193, 'epoch': 0.02}
{'loss': 3.1674, 'grad_norm': 7.544776916503906, 'learning_rate': 4e-05, 'num_tokens': 5395.0, 'mean_token_accuracy': 0.3675685065984726, 'epoch': 0.02}
{'loss': 3.1871, 'grad_norm': 7.0435895919799805, 'learning_rate': 4e-05, 'num_tokens': 5972.0, 'mean_token_accuracy': 0.3787406273186207, 'epoch': 0.02}
{'loss': 3.001, 'grad_norm': 10.397157669067383, 'learning_rate': 4e-05, 'num_tokens': 6591.0, 'mean_token_accuracy': 0.3895697468519211, 'epoch': 0.02}
{'loss': 2.9259, 'grad_norm': 10.518349647521973, 'learning_rate': 4e-05, 'num_tokens': 7135.0, 'mean_token_accuracy': 0.37753832817077637, 'epoch': 0.03}
{'loss': 3.0657, 'grad_norm': 11.562091827392578, 'learning_rate': 4e-05, 'num_tokens': 7732.0, 'mean_token_accuracy': 0.36993536695837975, 'epoch': 0.03}
{'loss': 2.7643, 'grad_norm': 9.23898983001709, 'learning_rate': 4e-05, 'num_tokens': 8315.0, 'mean_token_accuracy': 0.4116363078355789, 'epoch': 0.03}
{'loss': 2.8168, 'grad_norm': 7.192875862121582, 'learning_rate': 4e-05, 'num_tokens': 8925.0, 'mean_token_accuracy': 0.3784876720607281, 'epoch': 0.03}
{'loss': 2.9917, 'grad_norm': 9.700547218322754, 'learning_rate': 4e-05, 'num_tokens': 9476.0, 'mean_token_accuracy': 0.37470764145255087, 'epoch': 0.04}
{'loss': 2.6784, 'grad_norm': 16.784425735473633, 'learning_rate': 4e-05, 'num_tokens': 10092.0, 'mean_token_accuracy': 0.4101694458723068, 'epoch': 0.04}
{'loss': 2.8102, 'grad_norm': 17.991674423217773, 'learning_rate': 4e-05, 'num_tokens': 10704.0, 'mean_token_accuracy': 0.38677291497588157, 'epoch': 0.04}
{'loss': 2.7215, 'grad_norm': 17.285728454589844, 'learning_rate': 4e-05, 'num_tokens': 11268.0, 'mean_token_accuracy': 0.39253861010074614, 'epoch': 0.04}
{'loss': 2.7948, 'grad_norm': 12.216444969177246, 'learning_rate': 4e-05, 'num_tokens': 11862.0, 'mean_token_accuracy': 0.3961553233861923, 'epoch': 0.04}
{'loss': 2.5593, 'grad_norm': 10.75361442565918, 'learning_rate': 4e-05, 'num_tokens': 12468.0, 'mean_token_accuracy': 0.4470758166909218, 'epoch': 0.05}
{'loss': 2.5693, 'grad_norm': 9.8631591796875, 'learning_rate': 4e-05, 'num_tokens': 13036.0, 'mean_token_accuracy': 0.40957928240299224, 'epoch': 0.05}
{'loss': 2.7307, 'grad_norm': 21.006837844848633, 'learning_rate': 4e-05, 'num_tokens': 13619.0, 'mean_token_accuracy': 0.3913749654591083, 'epoch': 0.05}
{'loss': 2.5598, 'grad_norm': 15.140698432922363, 'learning_rate': 4e-05, 'num_tokens': 14174.0, 'mean_token_accuracy': 0.41024979621171953, 'epoch': 0.05}
{'loss': 2.5556, 'grad_norm': 14.39517593383789, 'learning_rate': 4e-05, 'num_tokens': 14764.0, 'mean_token_accuracy': 0.43624894350767135, 'epoch': 0.06}
{'loss': 2.4949, 'grad_norm': 15.693856239318848, 'learning_rate': 4e-05, 'num_tokens': 15349.0, 'mean_token_accuracy': 0.44334322690963746, 'epoch': 0.06}
{'loss': 2.5766, 'grad_norm': 16.99114227294922, 'learning_rate': 4e-05, 'num_tokens': 15960.0, 'mean_token_accuracy': 0.42038326144218446, 'epoch': 0.06}
{'loss': 2.6858, 'grad_norm': 14.942832946777344, 'learning_rate': 4e-05, 'num_tokens': 16522.0, 'mean_token_accuracy': 0.41659019872546194, 'epoch': 0.06}
{'loss': 2.7101, 'grad_norm': 18.87751007080078, 'learning_rate': 4e-05, 'num_tokens': 17083.0, 'mean_token_accuracy': 0.422490931302309, 'epoch': 0.06}
{'loss': 2.2682, 'grad_norm': 14.464376449584961, 'learning_rate': 4e-05, 'num_tokens': 17686.0, 'mean_token_accuracy': 0.47987694025039673, 'epoch': 0.07}
{'loss': 2.6245, 'grad_norm': 11.716930389404297, 'learning_rate': 4e-05, 'num_tokens': 18243.0, 'mean_token_accuracy': 0.40933538988232615, 'epoch': 0.07}
{'loss': 2.3512, 'grad_norm': 16.07107925415039, 'learning_rate': 4e-05, 'num_tokens': 18852.0, 'mean_token_accuracy': 0.4797267326712608, 'epoch': 0.07}
{'loss': 2.6134, 'grad_norm': 15.733100891113281, 'learning_rate': 4e-05, 'num_tokens': 19384.0, 'mean_token_accuracy': 0.4183340060710907, 'epoch': 0.07}
{'loss': 2.5969, 'grad_norm': 17.390213012695312, 'learning_rate': 4e-05, 'num_tokens': 19911.0, 'mean_token_accuracy': 0.3880734926462173, 'epoch': 0.08}
{'loss': 2.6412, 'grad_norm': 20.62989616394043, 'learning_rate': 4e-05, 'num_tokens': 20483.0, 'mean_token_accuracy': 0.4182734017074108, 'epoch': 0.08}
{'loss': 2.4771, 'grad_norm': 11.673481941223145, 'learning_rate': 4e-05, 'num_tokens': 21090.0, 'mean_token_accuracy': 0.4250175857543945, 'epoch': 0.08}
{'loss': 2.6753, 'grad_norm': 10.940593719482422, 'learning_rate': 4e-05, 'num_tokens': 21636.0, 'mean_token_accuracy': 0.4290941941738129, 'epoch': 0.08}
{'loss': 2.4238, 'grad_norm': 14.645469665527344, 'learning_rate': 4e-05, 'num_tokens': 22271.0, 'mean_token_accuracy': 0.43519452556967736, 'epoch': 0.08}
{'loss': 2.5241, 'grad_norm': 13.795185089111328, 'learning_rate': 4e-05, 'num_tokens': 22835.0, 'mean_token_accuracy': 0.41297648653388025, 'epoch': 0.09}
{'loss': 2.3461, 'grad_norm': 13.851195335388184, 'learning_rate': 4e-05, 'num_tokens': 23463.0, 'mean_token_accuracy': 0.46021802693605424, 'epoch': 0.09}
{'loss': 2.5158, 'grad_norm': 15.384139060974121, 'learning_rate': 4e-05, 'num_tokens': 24022.0, 'mean_token_accuracy': 0.4375296325981617, 'epoch': 0.09}
{'loss': 2.5321, 'grad_norm': 18.824264526367188, 'learning_rate': 4e-05, 'num_tokens': 24573.0, 'mean_token_accuracy': 0.41161515086889267, 'epoch': 0.09}
{'loss': 2.5058, 'grad_norm': 18.0821533203125, 'learning_rate': 4e-05, 'num_tokens': 25240.0, 'mean_token_accuracy': 0.4170284816622734, 'epoch': 0.1}
{'loss': 2.6836, 'grad_norm': 21.63862419128418, 'learning_rate': 4e-05, 'num_tokens': 25823.0, 'mean_token_accuracy': 0.4088963769376278, 'epoch': 0.1}
{'loss': 2.3458, 'grad_norm': 13.786662101745605, 'learning_rate': 4e-05, 'num_tokens': 26424.0, 'mean_token_accuracy': 0.45066735565662386, 'epoch': 0.1}
{'loss': 2.5825, 'grad_norm': 20.190725326538086, 'learning_rate': 4e-05, 'num_tokens': 27033.0, 'mean_token_accuracy': 0.43066863626241686, 'epoch': 0.1}
{'loss': 2.3946, 'grad_norm': 24.777896881103516, 'learning_rate': 4e-05, 'num_tokens': 27556.0, 'mean_token_accuracy': 0.4340235087275505, 'epoch': 0.1}
{'loss': 2.3094, 'grad_norm': 10.47451114654541, 'learning_rate': 4e-05, 'num_tokens': 28120.0, 'mean_token_accuracy': 0.45340515598654746, 'epoch': 0.11}
{'loss': 2.2322, 'grad_norm': 11.721027374267578, 'learning_rate': 4e-05, 'num_tokens': 28712.0, 'mean_token_accuracy': 0.4901472786068916, 'epoch': 0.11}
{'loss': 2.4823, 'grad_norm': 18.803537368774414, 'learning_rate': 4e-05, 'num_tokens': 29315.0, 'mean_token_accuracy': 0.44697145581245423, 'epoch': 0.11}
{'loss': 2.4944, 'grad_norm': 19.26367950439453, 'learning_rate': 4e-05, 'num_tokens': 29926.0, 'mean_token_accuracy': 0.44706560105085374, 'epoch': 0.11}
{'loss': 2.0944, 'grad_norm': 14.508665084838867, 'learning_rate': 4e-05, 'num_tokens': 30482.0, 'mean_token_accuracy': 0.49008368611335756, 'epoch': 0.11}
{'loss': 2.1888, 'grad_norm': 12.176072120666504, 'learning_rate': 4e-05, 'num_tokens': 31141.0, 'mean_token_accuracy': 0.49418092265725133, 'epoch': 0.12}
{'loss': 2.2576, 'grad_norm': 14.403812408447266, 'learning_rate': 4e-05, 'num_tokens': 31761.0, 'mean_token_accuracy': 0.47598850816488264, 'epoch': 0.12}
{'loss': 2.3262, 'grad_norm': 14.707191467285156, 'learning_rate': 4e-05, 'num_tokens': 32327.0, 'mean_token_accuracy': 0.45509869933128355, 'epoch': 0.12}
{'loss': 2.4735, 'grad_norm': 20.556663513183594, 'learning_rate': 4e-05, 'num_tokens': 32905.0, 'mean_token_accuracy': 0.41818223625421524, 'epoch': 0.12}
{'loss': 2.274, 'grad_norm': 17.592004776000977, 'learning_rate': 4e-05, 'num_tokens': 33487.0, 'mean_token_accuracy': 0.4822459499537945, 'epoch': 0.13}
{'loss': 2.445, 'grad_norm': 14.659890174865723, 'learning_rate': 4e-05, 'num_tokens': 34102.0, 'mean_token_accuracy': 0.43029386654496193, 'epoch': 0.13}
{'loss': 2.5745, 'grad_norm': 19.45128059387207, 'learning_rate': 4e-05, 'num_tokens': 34708.0, 'mean_token_accuracy': 0.4508354187011719, 'epoch': 0.13}
{'loss': 2.3541, 'grad_norm': 15.051854133605957, 'learning_rate': 4e-05, 'num_tokens': 35320.0, 'mean_token_accuracy': 0.45118142634630204, 'epoch': 0.13}
{'loss': 2.1524, 'grad_norm': 20.43925666809082, 'learning_rate': 4e-05, 'num_tokens': 35886.0, 'mean_token_accuracy': 0.505632280409336, 'epoch': 0.13}
{'loss': 2.3255, 'grad_norm': 20.300514221191406, 'learning_rate': 4e-05, 'num_tokens': 36494.0, 'mean_token_accuracy': 0.46041816353797915, 'epoch': 0.14}
{'loss': 2.1797, 'grad_norm': 19.80205535888672, 'learning_rate': 4e-05, 'num_tokens': 37097.0, 'mean_token_accuracy': 0.4761905798316002, 'epoch': 0.14}
{'loss': 2.2701, 'grad_norm': 17.076622009277344, 'learning_rate': 4e-05, 'num_tokens': 37664.0, 'mean_token_accuracy': 0.46255842596292496, 'epoch': 0.14}
{'loss': 2.4706, 'grad_norm': 27.28740119934082, 'learning_rate': 4e-05, 'num_tokens': 38282.0, 'mean_token_accuracy': 0.4712501636147499, 'epoch': 0.14}
{'loss': 2.2682, 'grad_norm': 15.549551963806152, 'learning_rate': 4e-05, 'num_tokens': 38934.0, 'mean_token_accuracy': 0.493977969288826, 'epoch': 0.15}
{'loss': 2.2036, 'grad_norm': 18.085800170898438, 'learning_rate': 4e-05, 'num_tokens': 39539.0, 'mean_token_accuracy': 0.4967886221408844, 'epoch': 0.15}
{'loss': 2.3331, 'grad_norm': 19.270076751708984, 'learning_rate': 4e-05, 'num_tokens': 40087.0, 'mean_token_accuracy': 0.4622595140337944, 'epoch': 0.15}
{'loss': 2.3361, 'grad_norm': 23.28380012512207, 'learning_rate': 4e-05, 'num_tokens': 40639.0, 'mean_token_accuracy': 0.43566265821456907, 'epoch': 0.15}
{'loss': 2.3, 'grad_norm': 18.238035202026367, 'learning_rate': 4e-05, 'num_tokens': 41218.0, 'mean_token_accuracy': 0.460474408864975, 'epoch': 0.15}
{'loss': 2.3368, 'grad_norm': 15.060317993164062, 'learning_rate': 4e-05, 'num_tokens': 41833.0, 'mean_token_accuracy': 0.4359719030559063, 'epoch': 0.16}
{'loss': 2.1199, 'grad_norm': 36.55189514160156, 'learning_rate': 4e-05, 'num_tokens': 42438.0, 'mean_token_accuracy': 0.4738611453771591, 'epoch': 0.16}
{'loss': 2.2691, 'grad_norm': 29.883140563964844, 'learning_rate': 4e-05, 'num_tokens': 43037.0, 'mean_token_accuracy': 0.4957798942923546, 'epoch': 0.16}
{'loss': 2.3894, 'grad_norm': 27.119678497314453, 'learning_rate': 4e-05, 'num_tokens': 43646.0, 'mean_token_accuracy': 0.4486597341299057, 'epoch': 0.16}
{'loss': 2.08, 'grad_norm': 23.471397399902344, 'learning_rate': 4e-05, 'num_tokens': 44268.0, 'mean_token_accuracy': 0.5230698955059051, 'epoch': 0.17}
{'loss': 2.2805, 'grad_norm': 25.521833419799805, 'learning_rate': 4e-05, 'num_tokens': 44867.0, 'mean_token_accuracy': 0.48001658022403715, 'epoch': 0.17}
{'loss': 2.1722, 'grad_norm': 21.38698959350586, 'learning_rate': 4e-05, 'num_tokens': 45466.0, 'mean_token_accuracy': 0.5142151537537575, 'epoch': 0.17}
{'loss': 2.2036, 'grad_norm': 24.696430206298828, 'learning_rate': 4e-05, 'num_tokens': 46105.0, 'mean_token_accuracy': 0.4726413889229298, 'epoch': 0.17}
{'loss': 2.2421, 'grad_norm': 23.24100112915039, 'learning_rate': 4e-05, 'num_tokens': 46800.0, 'mean_token_accuracy': 0.4611237117648125, 'epoch': 0.17}
{'loss': 2.3047, 'grad_norm': 25.55088233947754, 'learning_rate': 4e-05, 'num_tokens': 47332.0, 'mean_token_accuracy': 0.4496150118112564, 'epoch': 0.18}
{'loss': 2.1048, 'grad_norm': 22.287166595458984, 'learning_rate': 4e-05, 'num_tokens': 47889.0, 'mean_token_accuracy': 0.4802518019080162, 'epoch': 0.18}
{'loss': 2.1457, 'grad_norm': 16.455821990966797, 'learning_rate': 4e-05, 'num_tokens': 48443.0, 'mean_token_accuracy': 0.49975641041994096, 'epoch': 0.18}
{'loss': 2.1848, 'grad_norm': 22.593141555786133, 'learning_rate': 4e-05, 'num_tokens': 49042.0, 'mean_token_accuracy': 0.44684280157089235, 'epoch': 0.18}
{'loss': 2.072, 'grad_norm': 19.325420379638672, 'learning_rate': 4e-05, 'num_tokens': 49609.0, 'mean_token_accuracy': 0.4709151571989059, 'epoch': 0.19}
{'loss': 2.2437, 'grad_norm': 21.13127899169922, 'learning_rate': 4e-05, 'num_tokens': 50219.0, 'mean_token_accuracy': 0.45530805110931394, 'epoch': 0.19}
{'loss': 2.1527, 'grad_norm': 27.564605712890625, 'learning_rate': 4e-05, 'num_tokens': 50824.0, 'mean_token_accuracy': 0.4929255391657352, 'epoch': 0.19}
{'loss': 2.268, 'grad_norm': 27.882423400878906, 'learning_rate': 4e-05, 'num_tokens': 51427.0, 'mean_token_accuracy': 0.45415771037340164, 'epoch': 0.19}
{'loss': 2.2038, 'grad_norm': 21.256214141845703, 'learning_rate': 4e-05, 'num_tokens': 52033.0, 'mean_token_accuracy': 0.4861846205592155, 'epoch': 0.19}
{'loss': 2.0798, 'grad_norm': 30.006431579589844, 'learning_rate': 4e-05, 'num_tokens': 52687.0, 'mean_token_accuracy': 0.5113276661932469, 'epoch': 0.2}
{'loss': 1.9527, 'grad_norm': 27.23882484436035, 'learning_rate': 4e-05, 'num_tokens': 53281.0, 'mean_token_accuracy': 0.5272357928752899, 'epoch': 0.2}
{'loss': 2.0901, 'grad_norm': 21.850492477416992, 'learning_rate': 4e-05, 'num_tokens': 53848.0, 'mean_token_accuracy': 0.4687110993266106, 'epoch': 0.2}
{'loss': 2.0057, 'grad_norm': 23.597742080688477, 'learning_rate': 4e-05, 'num_tokens': 54409.0, 'mean_token_accuracy': 0.5251352348923684, 'epoch': 0.2}
{'loss': 2.1736, 'grad_norm': 20.03398323059082, 'learning_rate': 4e-05, 'num_tokens': 54989.0, 'mean_token_accuracy': 0.4542489293217659, 'epoch': 0.21}
{'loss': 2.23, 'grad_norm': 23.072771072387695, 'learning_rate': 4e-05, 'num_tokens': 55538.0, 'mean_token_accuracy': 0.49045219630002973, 'epoch': 0.21}
{'loss': 2.1232, 'grad_norm': 14.322434425354004, 'learning_rate': 4e-05, 'num_tokens': 56187.0, 'mean_token_accuracy': 0.5135684466361999, 'epoch': 0.21}
{'loss': 2.0183, 'grad_norm': 27.075437545776367, 'learning_rate': 4e-05, 'num_tokens': 56763.0, 'mean_token_accuracy': 0.49476894438266755, 'epoch': 0.21}
{'loss': 2.3532, 'grad_norm': 14.84472942352295, 'learning_rate': 4e-05, 'num_tokens': 57317.0, 'mean_token_accuracy': 0.4793687981367111, 'epoch': 0.21}
{'loss': 1.9339, 'grad_norm': 26.58502197265625, 'learning_rate': 4e-05, 'num_tokens': 57931.0, 'mean_token_accuracy': 0.5167646986246109, 'epoch': 0.22}
{'loss': 2.1572, 'grad_norm': 21.62497901916504, 'learning_rate': 4e-05, 'num_tokens': 58482.0, 'mean_token_accuracy': 0.4827640883624554, 'epoch': 0.22}
{'loss': 2.1582, 'grad_norm': 22.258392333984375, 'learning_rate': 4e-05, 'num_tokens': 59042.0, 'mean_token_accuracy': 0.4647729332745075, 'epoch': 0.22}
{'loss': 2.1478, 'grad_norm': 19.988929748535156, 'learning_rate': 4e-05, 'num_tokens': 59621.0, 'mean_token_accuracy': 0.5129702720046043, 'epoch': 0.22}
{'loss': 1.995, 'grad_norm': 18.490968704223633, 'learning_rate': 4e-05, 'num_tokens': 60185.0, 'mean_token_accuracy': 0.5000634270906449, 'epoch': 0.23}
{'loss': 2.0454, 'grad_norm': 32.26403045654297, 'learning_rate': 4e-05, 'num_tokens': 60803.0, 'mean_token_accuracy': 0.5001968207955361, 'epoch': 0.23}
{'loss': 2.1092, 'grad_norm': 18.188114166259766, 'learning_rate': 4e-05, 'num_tokens': 61414.0, 'mean_token_accuracy': 0.4948327676951885, 'epoch': 0.23}
{'loss': 2.0848, 'grad_norm': 29.757644653320312, 'learning_rate': 4e-05, 'num_tokens': 61985.0, 'mean_token_accuracy': 0.522132897824049, 'epoch': 0.23}
{'loss': 1.9161, 'grad_norm': 23.246322631835938, 'learning_rate': 4e-05, 'num_tokens': 62567.0, 'mean_token_accuracy': 0.5284827475249767, 'epoch': 0.23}
{'loss': 1.8439, 'grad_norm': 25.985164642333984, 'learning_rate': 4e-05, 'num_tokens': 63192.0, 'mean_token_accuracy': 0.5575149893760681, 'epoch': 0.24}
{'loss': 2.2814, 'grad_norm': 22.973831176757812, 'learning_rate': 4e-05, 'num_tokens': 63765.0, 'mean_token_accuracy': 0.4560683962702751, 'epoch': 0.24}
{'loss': 2.0814, 'grad_norm': 20.081295013427734, 'learning_rate': 4e-05, 'num_tokens': 64333.0, 'mean_token_accuracy': 0.5160789558291435, 'epoch': 0.24}
{'loss': 2.0081, 'grad_norm': 20.495481491088867, 'learning_rate': 4e-05, 'num_tokens': 64927.0, 'mean_token_accuracy': 0.5338680526614189, 'epoch': 0.24}
{'loss': 1.9164, 'grad_norm': 15.067924499511719, 'learning_rate': 4e-05, 'num_tokens': 65531.0, 'mean_token_accuracy': 0.536922756433487, 'epoch': 0.25}
{'loss': 2.0094, 'grad_norm': 27.115646362304688, 'learning_rate': 4e-05, 'num_tokens': 66138.0, 'mean_token_accuracy': 0.5294331887364387, 'epoch': 0.25}
{'loss': 2.0579, 'grad_norm': 16.669422149658203, 'learning_rate': 4e-05, 'num_tokens': 66740.0, 'mean_token_accuracy': 0.5057457871735096, 'epoch': 0.25}
{'loss': 2.0228, 'grad_norm': 27.761085510253906, 'learning_rate': 4e-05, 'num_tokens': 67289.0, 'mean_token_accuracy': 0.5315701338648796, 'epoch': 0.25}
{'loss': 1.9738, 'grad_norm': 28.192468643188477, 'learning_rate': 4e-05, 'num_tokens': 67886.0, 'mean_token_accuracy': 0.5565891864895821, 'epoch': 0.25}
{'loss': 1.9937, 'grad_norm': 21.67032814025879, 'learning_rate': 4e-05, 'num_tokens': 68503.0, 'mean_token_accuracy': 0.5217713060975074, 'epoch': 0.26}
{'loss': 2.0041, 'grad_norm': 20.784793853759766, 'learning_rate': 4e-05, 'num_tokens': 69042.0, 'mean_token_accuracy': 0.5054797279834747, 'epoch': 0.26}
{'loss': 2.1381, 'grad_norm': 24.187545776367188, 'learning_rate': 4e-05, 'num_tokens': 69648.0, 'mean_token_accuracy': 0.47480490297079087, 'epoch': 0.26}
{'loss': 1.9382, 'grad_norm': 39.28464126586914, 'learning_rate': 4e-05, 'num_tokens': 70242.0, 'mean_token_accuracy': 0.5007756461203098, 'epoch': 0.26}
{'loss': 1.838, 'grad_norm': 14.45365047454834, 'learning_rate': 4e-05, 'num_tokens': 70881.0, 'mean_token_accuracy': 0.5373935016989708, 'epoch': 0.27}
{'loss': 2.0548, 'grad_norm': 35.4932746887207, 'learning_rate': 4e-05, 'num_tokens': 71568.0, 'mean_token_accuracy': 0.5153411866724491, 'epoch': 0.27}
{'loss': 2.1515, 'grad_norm': 28.478675842285156, 'learning_rate': 4e-05, 'num_tokens': 72151.0, 'mean_token_accuracy': 0.45860892951488497, 'epoch': 0.27}
{'loss': 2.204, 'grad_norm': 37.658050537109375, 'learning_rate': 4e-05, 'num_tokens': 72783.0, 'mean_token_accuracy': 0.4744518621265888, 'epoch': 0.27}
{'loss': 1.9879, 'grad_norm': 53.73979568481445, 'learning_rate': 4e-05, 'num_tokens': 73342.0, 'mean_token_accuracy': 0.5226306051015854, 'epoch': 0.27}
{'loss': 2.0202, 'grad_norm': 22.82015609741211, 'learning_rate': 4e-05, 'num_tokens': 73857.0, 'mean_token_accuracy': 0.5161542385816574, 'epoch': 0.28}
{'loss': 1.9571, 'grad_norm': 21.19272232055664, 'learning_rate': 4e-05, 'num_tokens': 74485.0, 'mean_token_accuracy': 0.49067933768033983, 'epoch': 0.28}
{'loss': 1.7498, 'grad_norm': 20.80762481689453, 'learning_rate': 4e-05, 'num_tokens': 75061.0, 'mean_token_accuracy': 0.5675064352154732, 'epoch': 0.28}
{'loss': 1.8114, 'grad_norm': 20.254798889160156, 'learning_rate': 4e-05, 'num_tokens': 75669.0, 'mean_token_accuracy': 0.5573739424347878, 'epoch': 0.28}
{'loss': 1.9482, 'grad_norm': 30.135419845581055, 'learning_rate': 4e-05, 'num_tokens': 76265.0, 'mean_token_accuracy': 0.5522113049030304, 'epoch': 0.29}
{'loss': 1.7218, 'grad_norm': 18.37513542175293, 'learning_rate': 4e-05, 'num_tokens': 76882.0, 'mean_token_accuracy': 0.5880430367588997, 'epoch': 0.29}
{'loss': 1.7661, 'grad_norm': 26.64278221130371, 'learning_rate': 4e-05, 'num_tokens': 77484.0, 'mean_token_accuracy': 0.5622166883945465, 'epoch': 0.29}
{'loss': 1.7849, 'grad_norm': 48.382816314697266, 'learning_rate': 4e-05, 'num_tokens': 78044.0, 'mean_token_accuracy': 0.5787257772684097, 'epoch': 0.29}
{'loss': 1.9111, 'grad_norm': 24.618831634521484, 'learning_rate': 4e-05, 'num_tokens': 78615.0, 'mean_token_accuracy': 0.5512950485944748, 'epoch': 0.29}
{'loss': 2.0661, 'grad_norm': 24.428422927856445, 'learning_rate': 4e-05, 'num_tokens': 79180.0, 'mean_token_accuracy': 0.5045179928839206, 'epoch': 0.3}
{'loss': 1.9555, 'grad_norm': 28.22298812866211, 'learning_rate': 4e-05, 'num_tokens': 79768.0, 'mean_token_accuracy': 0.522736056894064, 'epoch': 0.3}
{'loss': 1.844, 'grad_norm': 30.608501434326172, 'learning_rate': 4e-05, 'num_tokens': 80322.0, 'mean_token_accuracy': 0.5615967354178428, 'epoch': 0.3}
{'loss': 1.8885, 'grad_norm': 30.054752349853516, 'learning_rate': 4e-05, 'num_tokens': 80871.0, 'mean_token_accuracy': 0.5426172125339508, 'epoch': 0.3}
{'loss': 1.8815, 'grad_norm': 28.803911209106445, 'learning_rate': 4e-05, 'num_tokens': 81466.0, 'mean_token_accuracy': 0.5399680253863335, 'epoch': 0.31}
{'loss': 1.971, 'grad_norm': 79.21285247802734, 'learning_rate': 4e-05, 'num_tokens': 82080.0, 'mean_token_accuracy': 0.5138697230815887, 'epoch': 0.31}
{'loss': 1.9875, 'grad_norm': 33.662776947021484, 'learning_rate': 4e-05, 'num_tokens': 82639.0, 'mean_token_accuracy': 0.53319430321455, 'epoch': 0.31}
{'loss': 1.8381, 'grad_norm': 29.593156814575195, 'learning_rate': 4e-05, 'num_tokens': 83234.0, 'mean_token_accuracy': 0.5564509400725365, 'epoch': 0.31}
{'loss': 1.8865, 'grad_norm': 28.530250549316406, 'learning_rate': 4e-05, 'num_tokens': 83850.0, 'mean_token_accuracy': 0.5241616633534432, 'epoch': 0.31}
{'loss': 1.7811, 'grad_norm': 24.752853393554688, 'learning_rate': 4e-05, 'num_tokens': 84513.0, 'mean_token_accuracy': 0.5609080377221107, 'epoch': 0.32}
{'loss': 1.9075, 'grad_norm': 39.934471130371094, 'learning_rate': 4e-05, 'num_tokens': 85069.0, 'mean_token_accuracy': 0.5334190088510513, 'epoch': 0.32}
{'loss': 1.9811, 'grad_norm': 28.794321060180664, 'learning_rate': 4e-05, 'num_tokens': 85698.0, 'mean_token_accuracy': 0.558770372569561, 'epoch': 0.32}
{'loss': 1.8124, 'grad_norm': 48.523773193359375, 'learning_rate': 4e-05, 'num_tokens': 86290.0, 'mean_token_accuracy': 0.5680634671449661, 'epoch': 0.32}
{'loss': 1.7617, 'grad_norm': 20.36132049560547, 'learning_rate': 4e-05, 'num_tokens': 86885.0, 'mean_token_accuracy': 0.5783191904425621, 'epoch': 0.33}
{'loss': 1.8462, 'grad_norm': 25.122817993164062, 'learning_rate': 4e-05, 'num_tokens': 87492.0, 'mean_token_accuracy': 0.5436524918675423, 'epoch': 0.33}
{'loss': 1.9328, 'grad_norm': 27.859142303466797, 'learning_rate': 4e-05, 'num_tokens': 88071.0, 'mean_token_accuracy': 0.5297084736824036, 'epoch': 0.33}
{'loss': 1.7354, 'grad_norm': 32.26901626586914, 'learning_rate': 4e-05, 'num_tokens': 88673.0, 'mean_token_accuracy': 0.57190834492445, 'epoch': 0.33}
{'loss': 1.6829, 'grad_norm': 29.438125610351562, 'learning_rate': 4e-05, 'num_tokens': 89306.0, 'mean_token_accuracy': 0.575744012594223, 'epoch': 0.33}
{'loss': 1.8992, 'grad_norm': 28.421772003173828, 'learning_rate': 4e-05, 'num_tokens': 89890.0, 'mean_token_accuracy': 0.5658881697058677, 'epoch': 0.34}
{'loss': 1.9253, 'grad_norm': 19.20697593688965, 'learning_rate': 4e-05, 'num_tokens': 90451.0, 'mean_token_accuracy': 0.5220051163434982, 'epoch': 0.34}
{'loss': 1.8701, 'grad_norm': 83.59436798095703, 'learning_rate': 4e-05, 'num_tokens': 90989.0, 'mean_token_accuracy': 0.5247854720056057, 'epoch': 0.34}
{'loss': 2.0178, 'grad_norm': 25.952594757080078, 'learning_rate': 4e-05, 'num_tokens': 91594.0, 'mean_token_accuracy': 0.515552071928978, 'epoch': 0.34}
{'loss': 1.751, 'grad_norm': 23.00336265563965, 'learning_rate': 4e-05, 'num_tokens': 92202.0, 'mean_token_accuracy': 0.5534102717041969, 'epoch': 0.34}
{'loss': 1.8269, 'grad_norm': 36.47160339355469, 'learning_rate': 4e-05, 'num_tokens': 92767.0, 'mean_token_accuracy': 0.5654070450365544, 'epoch': 0.35}
{'loss': 1.8071, 'grad_norm': 27.566232681274414, 'learning_rate': 4e-05, 'num_tokens': 93384.0, 'mean_token_accuracy': 0.5768805813789367, 'epoch': 0.35}
{'loss': 1.7061, 'grad_norm': 19.212066650390625, 'learning_rate': 4e-05, 'num_tokens': 93970.0, 'mean_token_accuracy': 0.5683127149939537, 'epoch': 0.35}
{'loss': 1.817, 'grad_norm': 24.722667694091797, 'learning_rate': 4e-05, 'num_tokens': 94558.0, 'mean_token_accuracy': 0.5583181151747704, 'epoch': 0.35}
{'loss': 1.7802, 'grad_norm': 20.948230743408203, 'learning_rate': 4e-05, 'num_tokens': 95148.0, 'mean_token_accuracy': 0.5765887543559074, 'epoch': 0.36}
{'loss': 1.6687, 'grad_norm': 27.8299503326416, 'learning_rate': 4e-05, 'num_tokens': 95719.0, 'mean_token_accuracy': 0.57622243642807, 'epoch': 0.36}
{'loss': 1.8582, 'grad_norm': 24.276033401489258, 'learning_rate': 4e-05, 'num_tokens': 96288.0, 'mean_token_accuracy': 0.5464555326104165, 'epoch': 0.36}
{'loss': 1.6583, 'grad_norm': 19.983959197998047, 'learning_rate': 4e-05, 'num_tokens': 96876.0, 'mean_token_accuracy': 0.6151063239574432, 'epoch': 0.36}
{'loss': 1.6565, 'grad_norm': 17.740537643432617, 'learning_rate': 4e-05, 'num_tokens': 97484.0, 'mean_token_accuracy': 0.5846150997281074, 'epoch': 0.36}
{'loss': 1.8465, 'grad_norm': 30.01798439025879, 'learning_rate': 4e-05, 'num_tokens': 98132.0, 'mean_token_accuracy': 0.5495617973804474, 'epoch': 0.37}
{'loss': 1.6911, 'grad_norm': 14.097480773925781, 'learning_rate': 4e-05, 'num_tokens': 98723.0, 'mean_token_accuracy': 0.5816029033064842, 'epoch': 0.37}
{'loss': 1.612, 'grad_norm': 18.89357566833496, 'learning_rate': 4e-05, 'num_tokens': 99351.0, 'mean_token_accuracy': 0.5935325026512146, 'epoch': 0.37}
{'loss': 1.9674, 'grad_norm': 31.532934188842773, 'learning_rate': 4e-05, 'num_tokens': 99956.0, 'mean_token_accuracy': 0.5401740297675133, 'epoch': 0.37}
{'loss': 1.6385, 'grad_norm': 30.318164825439453, 'learning_rate': 4e-05, 'num_tokens': 100543.0, 'mean_token_accuracy': 0.6031542652845383, 'epoch': 0.38}
{'loss': 1.7147, 'grad_norm': 29.211040496826172, 'learning_rate': 4e-05, 'num_tokens': 101105.0, 'mean_token_accuracy': 0.5610361333191395, 'epoch': 0.38}
{'loss': 1.8856, 'grad_norm': 84.6303939819336, 'learning_rate': 4e-05, 'num_tokens': 101678.0, 'mean_token_accuracy': 0.5590036204457283, 'epoch': 0.38}
{'loss': 1.8163, 'grad_norm': 25.245359420776367, 'learning_rate': 4e-05, 'num_tokens': 102213.0, 'mean_token_accuracy': 0.5213872911036015, 'epoch': 0.38}
{'loss': 1.8227, 'grad_norm': 21.078266143798828, 'learning_rate': 4e-05, 'num_tokens': 102781.0, 'mean_token_accuracy': 0.5541995403170585, 'epoch': 0.38}
{'loss': 1.6823, 'grad_norm': 30.0133113861084, 'learning_rate': 4e-05, 'num_tokens': 103406.0, 'mean_token_accuracy': 0.585970664024353, 'epoch': 0.39}
{'loss': 1.7522, 'grad_norm': 49.19540786743164, 'learning_rate': 4e-05, 'num_tokens': 104061.0, 'mean_token_accuracy': 0.5870628613233566, 'epoch': 0.39}
{'loss': 1.5825, 'grad_norm': 23.579376220703125, 'learning_rate': 4e-05, 'num_tokens': 104584.0, 'mean_token_accuracy': 0.5910503295063972, 'epoch': 0.39}
{'loss': 1.6824, 'grad_norm': 30.30942726135254, 'learning_rate': 4e-05, 'num_tokens': 105203.0, 'mean_token_accuracy': 0.5618060444295406, 'epoch': 0.39}
{'loss': 1.7004, 'grad_norm': 22.898231506347656, 'learning_rate': 4e-05, 'num_tokens': 105851.0, 'mean_token_accuracy': 0.5862111788988114, 'epoch': 0.4}
{'loss': 1.6268, 'grad_norm': 45.39106369018555, 'learning_rate': 4e-05, 'num_tokens': 106415.0, 'mean_token_accuracy': 0.5988566818833351, 'epoch': 0.4}
{'loss': 1.6562, 'grad_norm': 26.436159133911133, 'learning_rate': 4e-05, 'num_tokens': 106980.0, 'mean_token_accuracy': 0.6144739639759064, 'epoch': 0.4}
{'loss': 1.7302, 'grad_norm': 23.969783782958984, 'learning_rate': 4e-05, 'num_tokens': 107561.0, 'mean_token_accuracy': 0.5851505294442176, 'epoch': 0.4}
{'loss': 1.8377, 'grad_norm': 44.178096771240234, 'learning_rate': 4e-05, 'num_tokens': 108121.0, 'mean_token_accuracy': 0.6161910502612591, 'epoch': 0.4}
{'loss': 1.6915, 'grad_norm': 41.612545013427734, 'learning_rate': 4e-05, 'num_tokens': 108748.0, 'mean_token_accuracy': 0.5763032987713814, 'epoch': 0.41}
{'loss': 1.8415, 'grad_norm': 19.599451065063477, 'learning_rate': 4e-05, 'num_tokens': 109357.0, 'mean_token_accuracy': 0.5816754420101643, 'epoch': 0.41}
{'loss': 1.5692, 'grad_norm': 15.644713401794434, 'learning_rate': 4e-05, 'num_tokens': 109960.0, 'mean_token_accuracy': 0.62364253282547, 'epoch': 0.41}
{'loss': 1.4146, 'grad_norm': 53.54328918457031, 'learning_rate': 4e-05, 'num_tokens': 110564.0, 'mean_token_accuracy': 0.632811749279499, 'epoch': 0.41}
{'loss': 1.741, 'grad_norm': 34.06620788574219, 'learning_rate': 4e-05, 'num_tokens': 111199.0, 'mean_token_accuracy': 0.5866382536292076, 'epoch': 0.42}
{'loss': 1.8249, 'grad_norm': 14.056848526000977, 'learning_rate': 4e-05, 'num_tokens': 111826.0, 'mean_token_accuracy': 0.5490997534990311, 'epoch': 0.42}
{'loss': 1.6921, 'grad_norm': 26.468048095703125, 'learning_rate': 4e-05, 'num_tokens': 112416.0, 'mean_token_accuracy': 0.5890274195373059, 'epoch': 0.42}
{'loss': 1.7137, 'grad_norm': 53.61167907714844, 'learning_rate': 4e-05, 'num_tokens': 112957.0, 'mean_token_accuracy': 0.5360063387453556, 'epoch': 0.42}
{'loss': 1.7347, 'grad_norm': 18.485034942626953, 'learning_rate': 4e-05, 'num_tokens': 113524.0, 'mean_token_accuracy': 0.5868134702742099, 'epoch': 0.42}
{'loss': 1.6292, 'grad_norm': 41.97003173828125, 'learning_rate': 4e-05, 'num_tokens': 114075.0, 'mean_token_accuracy': 0.5678980043530464, 'epoch': 0.43}
{'loss': 1.7027, 'grad_norm': 19.701692581176758, 'learning_rate': 4e-05, 'num_tokens': 114637.0, 'mean_token_accuracy': 0.571757459640503, 'epoch': 0.43}
{'loss': 1.4291, 'grad_norm': 64.2935562133789, 'learning_rate': 4e-05, 'num_tokens': 115186.0, 'mean_token_accuracy': 0.6223276528716087, 'epoch': 0.43}
{'loss': 1.7707, 'grad_norm': 31.501718521118164, 'learning_rate': 4e-05, 'num_tokens': 115850.0, 'mean_token_accuracy': 0.5893968868255616, 'epoch': 0.43}
{'loss': 1.4618, 'grad_norm': 71.41094207763672, 'learning_rate': 4e-05, 'num_tokens': 116475.0, 'mean_token_accuracy': 0.6173667675256729, 'epoch': 0.44}
{'loss': 1.6567, 'grad_norm': 23.040191650390625, 'learning_rate': 4e-05, 'num_tokens': 117121.0, 'mean_token_accuracy': 0.5886933115124703, 'epoch': 0.44}
{'loss': 1.7031, 'grad_norm': 28.635507583618164, 'learning_rate': 4e-05, 'num_tokens': 117713.0, 'mean_token_accuracy': 0.5734504228830337, 'epoch': 0.44}
{'loss': 1.7882, 'grad_norm': 27.40523910522461, 'learning_rate': 4e-05, 'num_tokens': 118289.0, 'mean_token_accuracy': 0.5759465874731541, 'epoch': 0.44}
{'loss': 1.6724, 'grad_norm': 40.04835510253906, 'learning_rate': 4e-05, 'num_tokens': 118868.0, 'mean_token_accuracy': 0.578897336423397, 'epoch': 0.44}
{'loss': 1.5794, 'grad_norm': 31.616275787353516, 'learning_rate': 4e-05, 'num_tokens': 119437.0, 'mean_token_accuracy': 0.5961259642243385, 'epoch': 0.45}
{'loss': 1.4431, 'grad_norm': 23.175947189331055, 'learning_rate': 4e-05, 'num_tokens': 120031.0, 'mean_token_accuracy': 0.6335011857748032, 'epoch': 0.45}
{'loss': 1.6502, 'grad_norm': 22.98456382751465, 'learning_rate': 4e-05, 'num_tokens': 120612.0, 'mean_token_accuracy': 0.6099035742878914, 'epoch': 0.45}
{'loss': 1.663, 'grad_norm': 27.97527503967285, 'learning_rate': 4e-05, 'num_tokens': 121252.0, 'mean_token_accuracy': 0.6049778954684735, 'epoch': 0.45}
{'loss': 1.6582, 'grad_norm': 16.50786590576172, 'learning_rate': 4e-05, 'num_tokens': 121866.0, 'mean_token_accuracy': 0.6166037219762802, 'epoch': 0.46}
{'loss': 1.5857, 'grad_norm': 13.853483200073242, 'learning_rate': 4e-05, 'num_tokens': 122458.0, 'mean_token_accuracy': 0.5760341054201126, 'epoch': 0.46}
{'loss': 1.6165, 'grad_norm': 32.377281188964844, 'learning_rate': 4e-05, 'num_tokens': 123024.0, 'mean_token_accuracy': 0.5999612584710121, 'epoch': 0.46}
{'loss': 1.4769, 'grad_norm': 42.315670013427734, 'learning_rate': 4e-05, 'num_tokens': 123612.0, 'mean_token_accuracy': 0.620146978199482, 'epoch': 0.46}
{'loss': 1.6591, 'grad_norm': 21.889230728149414, 'learning_rate': 4e-05, 'num_tokens': 124193.0, 'mean_token_accuracy': 0.5920814928412438, 'epoch': 0.46}
{'loss': 1.5931, 'grad_norm': 30.677473068237305, 'learning_rate': 4e-05, 'num_tokens': 124808.0, 'mean_token_accuracy': 0.5688027685880661, 'epoch': 0.47}
{'loss': 1.5824, 'grad_norm': 25.758771896362305, 'learning_rate': 4e-05, 'num_tokens': 125390.0, 'mean_token_accuracy': 0.6009102655947208, 'epoch': 0.47}
{'loss': 1.7254, 'grad_norm': 32.25095748901367, 'learning_rate': 4e-05, 'num_tokens': 125995.0, 'mean_token_accuracy': 0.5861292880773544, 'epoch': 0.47}
{'loss': 1.522, 'grad_norm': 29.585832595825195, 'learning_rate': 4e-05, 'num_tokens': 126604.0, 'mean_token_accuracy': 0.6323855856060981, 'epoch': 0.47}
{'loss': 1.8658, 'grad_norm': 13.306411743164062, 'learning_rate': 4e-05, 'num_tokens': 127188.0, 'mean_token_accuracy': 0.5385450020432472, 'epoch': 0.48}
{'loss': 1.4146, 'grad_norm': 22.149890899658203, 'learning_rate': 4e-05, 'num_tokens': 127727.0, 'mean_token_accuracy': 0.6226878201961518, 'epoch': 0.48}
{'loss': 1.6311, 'grad_norm': 11.045626640319824, 'learning_rate': 4e-05, 'num_tokens': 128272.0, 'mean_token_accuracy': 0.6103214624524117, 'epoch': 0.48}
{'loss': 1.7445, 'grad_norm': 25.471397399902344, 'learning_rate': 4e-05, 'num_tokens': 128851.0, 'mean_token_accuracy': 0.5942376616597176, 'epoch': 0.48}
{'loss': 1.7015, 'grad_norm': 36.993080139160156, 'learning_rate': 4e-05, 'num_tokens': 129490.0, 'mean_token_accuracy': 0.5690056903660298, 'epoch': 0.48}
{'loss': 1.4941, 'grad_norm': 23.017902374267578, 'learning_rate': 4e-05, 'num_tokens': 130035.0, 'mean_token_accuracy': 0.6399132120609283, 'epoch': 0.49}
{'loss': 1.4792, 'grad_norm': 15.02579402923584, 'learning_rate': 4e-05, 'num_tokens': 130644.0, 'mean_token_accuracy': 0.6296948474645615, 'epoch': 0.49}
{'loss': 1.5463, 'grad_norm': 115.6788330078125, 'learning_rate': 4e-05, 'num_tokens': 131268.0, 'mean_token_accuracy': 0.6156314533948898, 'epoch': 0.49}
{'loss': 1.6235, 'grad_norm': 17.034337997436523, 'learning_rate': 4e-05, 'num_tokens': 131928.0, 'mean_token_accuracy': 0.5964527022838593, 'epoch': 0.49}
{'loss': 1.5257, 'grad_norm': 21.94972801208496, 'learning_rate': 4e-05, 'num_tokens': 132500.0, 'mean_token_accuracy': 0.6082538837194442, 'epoch': 0.5}
{'loss': 1.4829, 'grad_norm': 16.511362075805664, 'learning_rate': 4e-05, 'num_tokens': 133084.0, 'mean_token_accuracy': 0.6130849778652191, 'epoch': 0.5}
{'loss': 1.8005, 'grad_norm': 9.665411949157715, 'learning_rate': 4e-05, 'num_tokens': 133747.0, 'mean_token_accuracy': 0.5770737367868424, 'epoch': 0.5}
{'loss': 1.3513, 'grad_norm': 26.39299774169922, 'learning_rate': 4e-05, 'num_tokens': 134355.0, 'mean_token_accuracy': 0.6700613659620285, 'epoch': 0.5}
{'loss': 1.7062, 'grad_norm': 22.16330909729004, 'learning_rate': 4e-05, 'num_tokens': 134956.0, 'mean_token_accuracy': 0.5813703781366348, 'epoch': 0.5}
{'loss': 1.6197, 'grad_norm': 28.45629119873047, 'learning_rate': 4e-05, 'num_tokens': 135525.0, 'mean_token_accuracy': 0.619856239259243, 'epoch': 0.51}
{'loss': 1.5806, 'grad_norm': 28.2250919342041, 'learning_rate': 4e-05, 'num_tokens': 136155.0, 'mean_token_accuracy': 0.631709651350975, 'epoch': 0.51}
{'loss': 1.604, 'grad_norm': 22.52829933166504, 'learning_rate': 4e-05, 'num_tokens': 136808.0, 'mean_token_accuracy': 0.5698777642846108, 'epoch': 0.51}
{'loss': 1.4756, 'grad_norm': 22.240306854248047, 'learning_rate': 4e-05, 'num_tokens': 137441.0, 'mean_token_accuracy': 0.6440038084983826, 'epoch': 0.51}
{'loss': 1.5197, 'grad_norm': 17.757631301879883, 'learning_rate': 4e-05, 'num_tokens': 138011.0, 'mean_token_accuracy': 0.6166074432432651, 'epoch': 0.52}
{'loss': 1.553, 'grad_norm': 14.916172981262207, 'learning_rate': 4e-05, 'num_tokens': 138633.0, 'mean_token_accuracy': 0.5980297407507896, 'epoch': 0.52}
{'loss': 1.4643, 'grad_norm': 36.066463470458984, 'learning_rate': 4e-05, 'num_tokens': 139198.0, 'mean_token_accuracy': 0.6224758636951446, 'epoch': 0.52}
{'loss': 1.5423, 'grad_norm': 24.377235412597656, 'learning_rate': 4e-05, 'num_tokens': 139794.0, 'mean_token_accuracy': 0.6032485291361809, 'epoch': 0.52}
{'loss': 1.371, 'grad_norm': 25.549331665039062, 'learning_rate': 4e-05, 'num_tokens': 140367.0, 'mean_token_accuracy': 0.6565919816493988, 'epoch': 0.52}
{'loss': 1.4648, 'grad_norm': 22.280847549438477, 'learning_rate': 4e-05, 'num_tokens': 140993.0, 'mean_token_accuracy': 0.6564030933380127, 'epoch': 0.53}
{'loss': 1.3898, 'grad_norm': 35.0027961730957, 'learning_rate': 4e-05, 'num_tokens': 141620.0, 'mean_token_accuracy': 0.6339161005616188, 'epoch': 0.53}
{'loss': 1.6621, 'grad_norm': 26.8577880859375, 'learning_rate': 4e-05, 'num_tokens': 142254.0, 'mean_token_accuracy': 0.5964265090227127, 'epoch': 0.53}
{'loss': 1.5175, 'grad_norm': 40.5866584777832, 'learning_rate': 4e-05, 'num_tokens': 142955.0, 'mean_token_accuracy': 0.6253158718347549, 'epoch': 0.53}
{'loss': 1.3976, 'grad_norm': 24.916820526123047, 'learning_rate': 4e-05, 'num_tokens': 143491.0, 'mean_token_accuracy': 0.6392791059613228, 'epoch': 0.54}
{'loss': 1.4997, 'grad_norm': 19.580371856689453, 'learning_rate': 4e-05, 'num_tokens': 144101.0, 'mean_token_accuracy': 0.6041609916090965, 'epoch': 0.54}
{'loss': 1.5498, 'grad_norm': 29.649188995361328, 'learning_rate': 4e-05, 'num_tokens': 144645.0, 'mean_token_accuracy': 0.5996913075447082, 'epoch': 0.54}
{'loss': 1.6055, 'grad_norm': 149.39602661132812, 'learning_rate': 4e-05, 'num_tokens': 145204.0, 'mean_token_accuracy': 0.5851923421025276, 'epoch': 0.54}
{'loss': 1.6358, 'grad_norm': 25.63094139099121, 'learning_rate': 4e-05, 'num_tokens': 145732.0, 'mean_token_accuracy': 0.5990974944829941, 'epoch': 0.54}
{'loss': 1.7487, 'grad_norm': 21.4577693939209, 'learning_rate': 4e-05, 'num_tokens': 146356.0, 'mean_token_accuracy': 0.5890214866399766, 'epoch': 0.55}
{'loss': 1.564, 'grad_norm': 49.96897888183594, 'learning_rate': 4e-05, 'num_tokens': 147029.0, 'mean_token_accuracy': 0.6275699561834336, 'epoch': 0.55}
{'loss': 1.4281, 'grad_norm': 59.141876220703125, 'learning_rate': 4e-05, 'num_tokens': 147611.0, 'mean_token_accuracy': 0.6769873350858688, 'epoch': 0.55}
{'loss': 1.5065, 'grad_norm': 14.248833656311035, 'learning_rate': 4e-05, 'num_tokens': 148206.0, 'mean_token_accuracy': 0.6262089627981186, 'epoch': 0.55}
{'loss': 1.6239, 'grad_norm': 15.4141206741333, 'learning_rate': 4e-05, 'num_tokens': 148828.0, 'mean_token_accuracy': 0.6098572489619255, 'epoch': 0.55}
{'loss': 1.5297, 'grad_norm': 34.21110153198242, 'learning_rate': 4e-05, 'num_tokens': 149475.0, 'mean_token_accuracy': 0.6280510476231576, 'epoch': 0.56}
{'loss': 1.5331, 'grad_norm': 12.880162239074707, 'learning_rate': 4e-05, 'num_tokens': 150057.0, 'mean_token_accuracy': 0.6311238306760788, 'epoch': 0.56}
{'loss': 1.4326, 'grad_norm': 24.573190689086914, 'learning_rate': 4e-05, 'num_tokens': 150625.0, 'mean_token_accuracy': 0.6311633142828942, 'epoch': 0.56}
{'loss': 1.5345, 'grad_norm': 19.00217056274414, 'learning_rate': 4e-05, 'num_tokens': 151230.0, 'mean_token_accuracy': 0.6050716531276703, 'epoch': 0.56}
{'loss': 1.4732, 'grad_norm': 25.25911521911621, 'learning_rate': 4e-05, 'num_tokens': 151839.0, 'mean_token_accuracy': 0.6174398374557495, 'epoch': 0.57}
{'loss': 1.5846, 'grad_norm': 13.837359428405762, 'learning_rate': 4e-05, 'num_tokens': 152435.0, 'mean_token_accuracy': 0.6345347419381142, 'epoch': 0.57}
{'loss': 1.4981, 'grad_norm': 21.017545700073242, 'learning_rate': 4e-05, 'num_tokens': 152980.0, 'mean_token_accuracy': 0.6126835492253303, 'epoch': 0.57}
{'loss': 1.6109, 'grad_norm': 23.04709243774414, 'learning_rate': 4e-05, 'num_tokens': 153563.0, 'mean_token_accuracy': 0.6166828809678555, 'epoch': 0.57}
{'loss': 1.542, 'grad_norm': 24.49884605407715, 'learning_rate': 4e-05, 'num_tokens': 154145.0, 'mean_token_accuracy': 0.6145460298657417, 'epoch': 0.57}
{'loss': 1.5504, 'grad_norm': 21.347431182861328, 'learning_rate': 4e-05, 'num_tokens': 154739.0, 'mean_token_accuracy': 0.6339671799540519, 'epoch': 0.58}
{'loss': 1.5434, 'grad_norm': 22.459083557128906, 'learning_rate': 4e-05, 'num_tokens': 155287.0, 'mean_token_accuracy': 0.6400756222009659, 'epoch': 0.58}
{'loss': 1.3988, 'grad_norm': 15.773702621459961, 'learning_rate': 4e-05, 'num_tokens': 155908.0, 'mean_token_accuracy': 0.656982918381691, 'epoch': 0.58}
{'loss': 1.3265, 'grad_norm': 29.334245681762695, 'learning_rate': 4e-05, 'num_tokens': 156601.0, 'mean_token_accuracy': 0.6661595088243485, 'epoch': 0.58}
{'loss': 1.6533, 'grad_norm': 25.821590423583984, 'learning_rate': 4e-05, 'num_tokens': 157166.0, 'mean_token_accuracy': 0.5814242172241211, 'epoch': 0.59}
{'loss': 1.4092, 'grad_norm': 17.708026885986328, 'learning_rate': 4e-05, 'num_tokens': 157768.0, 'mean_token_accuracy': 0.6576536473631859, 'epoch': 0.59}
{'loss': 1.4613, 'grad_norm': 22.216257095336914, 'learning_rate': 4e-05, 'num_tokens': 158343.0, 'mean_token_accuracy': 0.6365741044282913, 'epoch': 0.59}
{'loss': 1.3616, 'grad_norm': 28.223220825195312, 'learning_rate': 4e-05, 'num_tokens': 158894.0, 'mean_token_accuracy': 0.6334496682882309, 'epoch': 0.59}
{'loss': 1.4408, 'grad_norm': 26.166973114013672, 'learning_rate': 4e-05, 'num_tokens': 159479.0, 'mean_token_accuracy': 0.644945212006569, 'epoch': 0.59}
{'loss': 1.3777, 'grad_norm': 25.871366500854492, 'learning_rate': 4e-05, 'num_tokens': 160113.0, 'mean_token_accuracy': 0.6661223953962326, 'epoch': 0.6}
{'loss': 1.4018, 'grad_norm': 17.72064781188965, 'learning_rate': 4e-05, 'num_tokens': 160707.0, 'mean_token_accuracy': 0.6548898535966873, 'epoch': 0.6}
{'loss': 1.6006, 'grad_norm': 24.263038635253906, 'learning_rate': 4e-05, 'num_tokens': 161373.0, 'mean_token_accuracy': 0.5984786239266395, 'epoch': 0.6}
{'loss': 1.3931, 'grad_norm': 18.481245040893555, 'learning_rate': 4e-05, 'num_tokens': 162025.0, 'mean_token_accuracy': 0.6181434285640717, 'epoch': 0.6}
{'loss': 1.4746, 'grad_norm': 12.515608787536621, 'learning_rate': 4e-05, 'num_tokens': 162591.0, 'mean_token_accuracy': 0.6397282636165619, 'epoch': 0.61}
{'loss': 1.5432, 'grad_norm': 23.345483779907227, 'learning_rate': 4e-05, 'num_tokens': 163197.0, 'mean_token_accuracy': 0.5789370380342007, 'epoch': 0.61}
{'loss': 1.6389, 'grad_norm': 36.25751495361328, 'learning_rate': 4e-05, 'num_tokens': 163756.0, 'mean_token_accuracy': 0.5778530180454254, 'epoch': 0.61}
{'loss': 1.4818, 'grad_norm': 19.251060485839844, 'learning_rate': 4e-05, 'num_tokens': 164353.0, 'mean_token_accuracy': 0.6310967880487443, 'epoch': 0.61}
{'loss': 1.4564, 'grad_norm': 34.54425048828125, 'learning_rate': 4e-05, 'num_tokens': 164889.0, 'mean_token_accuracy': 0.6493874531984329, 'epoch': 0.61}
{'loss': 1.6307, 'grad_norm': 21.46869468688965, 'learning_rate': 4e-05, 'num_tokens': 165520.0, 'mean_token_accuracy': 0.5789638130366802, 'epoch': 0.62}
{'loss': 1.4611, 'grad_norm': 19.250539779663086, 'learning_rate': 4e-05, 'num_tokens': 166132.0, 'mean_token_accuracy': 0.6298194262385368, 'epoch': 0.62}
{'loss': 1.4176, 'grad_norm': 19.584203720092773, 'learning_rate': 4e-05, 'num_tokens': 166690.0, 'mean_token_accuracy': 0.657616348862648, 'epoch': 0.62}
{'loss': 1.6043, 'grad_norm': 27.03826141357422, 'learning_rate': 4e-05, 'num_tokens': 167268.0, 'mean_token_accuracy': 0.6146832898259162, 'epoch': 0.62}
{'loss': 1.277, 'grad_norm': 69.29952239990234, 'learning_rate': 4e-05, 'num_tokens': 167909.0, 'mean_token_accuracy': 0.6704998618364334, 'epoch': 0.63}
{'loss': 1.3977, 'grad_norm': 20.858844757080078, 'learning_rate': 4e-05, 'num_tokens': 168504.0, 'mean_token_accuracy': 0.6456702882051468, 'epoch': 0.63}
{'loss': 1.568, 'grad_norm': 44.03153991699219, 'learning_rate': 4e-05, 'num_tokens': 169121.0, 'mean_token_accuracy': 0.6012111246585846, 'epoch': 0.63}
{'loss': 1.2848, 'grad_norm': 29.499528884887695, 'learning_rate': 4e-05, 'num_tokens': 169731.0, 'mean_token_accuracy': 0.6715327805280685, 'epoch': 0.63}
{'loss': 1.3663, 'grad_norm': 22.874338150024414, 'learning_rate': 4e-05, 'num_tokens': 170303.0, 'mean_token_accuracy': 0.6832524473965168, 'epoch': 0.63}
{'loss': 1.3997, 'grad_norm': 15.081424713134766, 'learning_rate': 4e-05, 'num_tokens': 170947.0, 'mean_token_accuracy': 0.6394095802307129, 'epoch': 0.64}
{'loss': 1.3943, 'grad_norm': 34.640193939208984, 'learning_rate': 4e-05, 'num_tokens': 171515.0, 'mean_token_accuracy': 0.6437228274345398, 'epoch': 0.64}
{'loss': 1.2546, 'grad_norm': 36.21781539916992, 'learning_rate': 4e-05, 'num_tokens': 172114.0, 'mean_token_accuracy': 0.6900260865688324, 'epoch': 0.64}
{'loss': 1.2864, 'grad_norm': 25.342374801635742, 'learning_rate': 4e-05, 'num_tokens': 172707.0, 'mean_token_accuracy': 0.6662982749938965, 'epoch': 0.64}
{'loss': 1.3677, 'grad_norm': 11.812899589538574, 'learning_rate': 4e-05, 'num_tokens': 173320.0, 'mean_token_accuracy': 0.6379312539100647, 'epoch': 0.65}
{'loss': 1.4812, 'grad_norm': 21.278539657592773, 'learning_rate': 4e-05, 'num_tokens': 173912.0, 'mean_token_accuracy': 0.6406938859820366, 'epoch': 0.65}
{'loss': 1.3009, 'grad_norm': 22.0497989654541, 'learning_rate': 4e-05, 'num_tokens': 174536.0, 'mean_token_accuracy': 0.6582471376657486, 'epoch': 0.65}
{'loss': 1.5148, 'grad_norm': 26.075407028198242, 'learning_rate': 4e-05, 'num_tokens': 175089.0, 'mean_token_accuracy': 0.6257306942343712, 'epoch': 0.65}
{'loss': 1.4204, 'grad_norm': 21.152042388916016, 'learning_rate': 4e-05, 'num_tokens': 175661.0, 'mean_token_accuracy': 0.6321073211729527, 'epoch': 0.65}
{'loss': 1.4933, 'grad_norm': 27.71072006225586, 'learning_rate': 4e-05, 'num_tokens': 176284.0, 'mean_token_accuracy': 0.6238258111476899, 'epoch': 0.66}
{'loss': 1.251, 'grad_norm': 13.559185028076172, 'learning_rate': 4e-05, 'num_tokens': 176866.0, 'mean_token_accuracy': 0.6839430099725723, 'epoch': 0.66}
{'loss': 1.3675, 'grad_norm': 16.57658576965332, 'learning_rate': 4e-05, 'num_tokens': 177428.0, 'mean_token_accuracy': 0.6721224600076675, 'epoch': 0.66}
{'loss': 1.3382, 'grad_norm': 14.025930404663086, 'learning_rate': 4e-05, 'num_tokens': 178039.0, 'mean_token_accuracy': 0.6624869561195373, 'epoch': 0.66}
{'loss': 1.429, 'grad_norm': 25.5877685546875, 'learning_rate': 4e-05, 'num_tokens': 178643.0, 'mean_token_accuracy': 0.6763701981306076, 'epoch': 0.67}
{'loss': 1.2306, 'grad_norm': 21.86387062072754, 'learning_rate': 4e-05, 'num_tokens': 179259.0, 'mean_token_accuracy': 0.6835455721616746, 'epoch': 0.67}
{'loss': 1.4532, 'grad_norm': 26.082605361938477, 'learning_rate': 4e-05, 'num_tokens': 179834.0, 'mean_token_accuracy': 0.6325291138887406, 'epoch': 0.67}
{'loss': 1.3565, 'grad_norm': 72.92024993896484, 'learning_rate': 4e-05, 'num_tokens': 180431.0, 'mean_token_accuracy': 0.6741994607448578, 'epoch': 0.67}
{'loss': 1.3728, 'grad_norm': 25.202566146850586, 'learning_rate': 4e-05, 'num_tokens': 181004.0, 'mean_token_accuracy': 0.6340382277965546, 'epoch': 0.67}
{'loss': 1.3402, 'grad_norm': 19.4653263092041, 'learning_rate': 4e-05, 'num_tokens': 181635.0, 'mean_token_accuracy': 0.6622793948650361, 'epoch': 0.68}
{'loss': 1.5092, 'grad_norm': 17.036972045898438, 'learning_rate': 4e-05, 'num_tokens': 182260.0, 'mean_token_accuracy': 0.6329428261518478, 'epoch': 0.68}
{'loss': 1.2593, 'grad_norm': 54.22614669799805, 'learning_rate': 4e-05, 'num_tokens': 182852.0, 'mean_token_accuracy': 0.6822029936313629, 'epoch': 0.68}
{'loss': 1.3571, 'grad_norm': 42.681243896484375, 'learning_rate': 4e-05, 'num_tokens': 183415.0, 'mean_token_accuracy': 0.6732720673084259, 'epoch': 0.68}
{'loss': 1.3443, 'grad_norm': 18.489776611328125, 'learning_rate': 4e-05, 'num_tokens': 183998.0, 'mean_token_accuracy': 0.6722777611017228, 'epoch': 0.69}
{'loss': 1.3801, 'grad_norm': 13.76270580291748, 'learning_rate': 4e-05, 'num_tokens': 184616.0, 'mean_token_accuracy': 0.6413902390003204, 'epoch': 0.69}
{'loss': 1.377, 'grad_norm': 15.40068244934082, 'learning_rate': 4e-05, 'num_tokens': 185191.0, 'mean_token_accuracy': 0.640892938375473, 'epoch': 0.69}
{'loss': 1.3046, 'grad_norm': 52.3519401550293, 'learning_rate': 4e-05, 'num_tokens': 185803.0, 'mean_token_accuracy': 0.663039279282093, 'epoch': 0.69}
{'loss': 1.3544, 'grad_norm': 25.43439292907715, 'learning_rate': 4e-05, 'num_tokens': 186420.0, 'mean_token_accuracy': 0.6599820375442504, 'epoch': 0.69}
{'loss': 1.1819, 'grad_norm': 21.922880172729492, 'learning_rate': 4e-05, 'num_tokens': 187033.0, 'mean_token_accuracy': 0.6922127044200898, 'epoch': 0.7}
{'loss': 1.3619, 'grad_norm': 19.419355392456055, 'learning_rate': 4e-05, 'num_tokens': 187609.0, 'mean_token_accuracy': 0.6539952084422112, 'epoch': 0.7}
{'loss': 1.3351, 'grad_norm': 18.626859664916992, 'learning_rate': 4e-05, 'num_tokens': 188180.0, 'mean_token_accuracy': 0.6594526608288288, 'epoch': 0.7}
{'loss': 1.2741, 'grad_norm': 31.926937103271484, 'learning_rate': 4e-05, 'num_tokens': 188785.0, 'mean_token_accuracy': 0.7095909261703491, 'epoch': 0.7}
{'loss': 1.326, 'grad_norm': 18.911720275878906, 'learning_rate': 4e-05, 'num_tokens': 189376.0, 'mean_token_accuracy': 0.6592955431342125, 'epoch': 0.71}
{'loss': 1.3329, 'grad_norm': 20.211278915405273, 'learning_rate': 4e-05, 'num_tokens': 189962.0, 'mean_token_accuracy': 0.6495689988136292, 'epoch': 0.71}
{'loss': 1.3584, 'grad_norm': 25.23828887939453, 'learning_rate': 4e-05, 'num_tokens': 190563.0, 'mean_token_accuracy': 0.6520038804411888, 'epoch': 0.71}
{'loss': 1.4045, 'grad_norm': 25.0593318939209, 'learning_rate': 4e-05, 'num_tokens': 191155.0, 'mean_token_accuracy': 0.6349756786227226, 'epoch': 0.71}
{'loss': 1.275, 'grad_norm': 17.933732986450195, 'learning_rate': 4e-05, 'num_tokens': 191734.0, 'mean_token_accuracy': 0.6599897135794163, 'epoch': 0.71}
{'loss': 1.4749, 'grad_norm': 15.80930233001709, 'learning_rate': 4e-05, 'num_tokens': 192304.0, 'mean_token_accuracy': 0.6395001059770584, 'epoch': 0.72}
{'loss': 1.3335, 'grad_norm': 39.249847412109375, 'learning_rate': 4e-05, 'num_tokens': 192847.0, 'mean_token_accuracy': 0.6628112858533859, 'epoch': 0.72}
{'loss': 1.2764, 'grad_norm': 20.34162712097168, 'learning_rate': 4e-05, 'num_tokens': 193435.0, 'mean_token_accuracy': 0.6741226631402969, 'epoch': 0.72}
{'loss': 1.4226, 'grad_norm': 28.47260284423828, 'learning_rate': 4e-05, 'num_tokens': 194074.0, 'mean_token_accuracy': 0.6666315126419068, 'epoch': 0.72}
{'loss': 1.3876, 'grad_norm': 17.53586769104004, 'learning_rate': 4e-05, 'num_tokens': 194592.0, 'mean_token_accuracy': 0.668269720673561, 'epoch': 0.73}
{'loss': 1.3533, 'grad_norm': 65.65237426757812, 'learning_rate': 4e-05, 'num_tokens': 195171.0, 'mean_token_accuracy': 0.6634883832931519, 'epoch': 0.73}
{'loss': 1.2937, 'grad_norm': 17.59423828125, 'learning_rate': 4e-05, 'num_tokens': 195759.0, 'mean_token_accuracy': 0.6231989270448685, 'epoch': 0.73}
{'loss': 1.3107, 'grad_norm': 13.712055206298828, 'learning_rate': 4e-05, 'num_tokens': 196336.0, 'mean_token_accuracy': 0.6672087851166725, 'epoch': 0.73}
{'loss': 1.371, 'grad_norm': 21.731449127197266, 'learning_rate': 4e-05, 'num_tokens': 196947.0, 'mean_token_accuracy': 0.6825788843631745, 'epoch': 0.73}
{'loss': 1.4634, 'grad_norm': 12.122756958007812, 'learning_rate': 4e-05, 'num_tokens': 197555.0, 'mean_token_accuracy': 0.6416841128468513, 'epoch': 0.74}
{'loss': 1.2631, 'grad_norm': 14.611737251281738, 'learning_rate': 4e-05, 'num_tokens': 198164.0, 'mean_token_accuracy': 0.6755753076076507, 'epoch': 0.74}
{'loss': 1.2346, 'grad_norm': 20.339054107666016, 'learning_rate': 4e-05, 'num_tokens': 198723.0, 'mean_token_accuracy': 0.7152409374713897, 'epoch': 0.74}
{'loss': 1.3257, 'grad_norm': 19.642221450805664, 'learning_rate': 4e-05, 'num_tokens': 199314.0, 'mean_token_accuracy': 0.6735242995619773, 'epoch': 0.74}
{'loss': 1.3759, 'grad_norm': 18.39786720275879, 'learning_rate': 4e-05, 'num_tokens': 199905.0, 'mean_token_accuracy': 0.655079205930233, 'epoch': 0.75}
{'loss': 1.1484, 'grad_norm': 13.6713228225708, 'learning_rate': 4e-05, 'num_tokens': 200529.0, 'mean_token_accuracy': 0.7116923159360886, 'epoch': 0.75}
{'loss': 1.2227, 'grad_norm': 26.043270111083984, 'learning_rate': 4e-05, 'num_tokens': 201153.0, 'mean_token_accuracy': 0.6574638515710831, 'epoch': 0.75}
{'loss': 1.2685, 'grad_norm': 15.596867561340332, 'learning_rate': 4e-05, 'num_tokens': 201762.0, 'mean_token_accuracy': 0.6515790843963623, 'epoch': 0.75}
{'loss': 1.3549, 'grad_norm': 60.55683517456055, 'learning_rate': 4e-05, 'num_tokens': 202343.0, 'mean_token_accuracy': 0.6333049756288528, 'epoch': 0.75}
{'loss': 1.4001, 'grad_norm': 23.722820281982422, 'learning_rate': 4e-05, 'num_tokens': 202929.0, 'mean_token_accuracy': 0.6555245235562325, 'epoch': 0.76}
{'loss': 1.1366, 'grad_norm': 15.940447807312012, 'learning_rate': 4e-05, 'num_tokens': 203570.0, 'mean_token_accuracy': 0.7152714300155639, 'epoch': 0.76}
{'loss': 1.1835, 'grad_norm': 26.11734962463379, 'learning_rate': 4e-05, 'num_tokens': 204150.0, 'mean_token_accuracy': 0.6567855396866799, 'epoch': 0.76}
{'loss': 1.3391, 'grad_norm': 24.236652374267578, 'learning_rate': 4e-05, 'num_tokens': 204749.0, 'mean_token_accuracy': 0.6643175840377807, 'epoch': 0.76}
{'loss': 1.2825, 'grad_norm': 25.147714614868164, 'learning_rate': 4e-05, 'num_tokens': 205356.0, 'mean_token_accuracy': 0.6596208879351616, 'epoch': 0.76}
{'loss': 1.3284, 'grad_norm': 25.382793426513672, 'learning_rate': 4e-05, 'num_tokens': 205996.0, 'mean_token_accuracy': 0.6443562546372413, 'epoch': 0.77}
{'loss': 1.2393, 'grad_norm': 35.24649429321289, 'learning_rate': 4e-05, 'num_tokens': 206558.0, 'mean_token_accuracy': 0.6648873269557953, 'epoch': 0.77}
{'loss': 1.3698, 'grad_norm': 19.71015167236328, 'learning_rate': 4e-05, 'num_tokens': 207148.0, 'mean_token_accuracy': 0.647582223713398, 'epoch': 0.77}
{'loss': 1.3306, 'grad_norm': 18.884057998657227, 'learning_rate': 4e-05, 'num_tokens': 207737.0, 'mean_token_accuracy': 0.6498084670305252, 'epoch': 0.77}
{'loss': 1.1721, 'grad_norm': 14.374390602111816, 'learning_rate': 4e-05, 'num_tokens': 208391.0, 'mean_token_accuracy': 0.6886574226617813, 'epoch': 0.78}
{'loss': 1.3697, 'grad_norm': 33.65736389160156, 'learning_rate': 4e-05, 'num_tokens': 208954.0, 'mean_token_accuracy': 0.6693344420194626, 'epoch': 0.78}
{'loss': 1.2413, 'grad_norm': 24.348337173461914, 'learning_rate': 4e-05, 'num_tokens': 209514.0, 'mean_token_accuracy': 0.6730212360620499, 'epoch': 0.78}
{'loss': 1.2137, 'grad_norm': 22.09903335571289, 'learning_rate': 4e-05, 'num_tokens': 210064.0, 'mean_token_accuracy': 0.6881165546178818, 'epoch': 0.78}
{'loss': 1.1872, 'grad_norm': 20.482585906982422, 'learning_rate': 4e-05, 'num_tokens': 210618.0, 'mean_token_accuracy': 0.6823366677761078, 'epoch': 0.78}
{'loss': 1.2211, 'grad_norm': 22.342201232910156, 'learning_rate': 4e-05, 'num_tokens': 211241.0, 'mean_token_accuracy': 0.6873818504810333, 'epoch': 0.79}
{'loss': 1.1667, 'grad_norm': 217.93161010742188, 'learning_rate': 4e-05, 'num_tokens': 211789.0, 'mean_token_accuracy': 0.6934594905376434, 'epoch': 0.79}
{'loss': 1.2753, 'grad_norm': 35.77965545654297, 'learning_rate': 4e-05, 'num_tokens': 212361.0, 'mean_token_accuracy': 0.6690593007206916, 'epoch': 0.79}
{'loss': 1.1764, 'grad_norm': 11.721951484680176, 'learning_rate': 4e-05, 'num_tokens': 212950.0, 'mean_token_accuracy': 0.7168102198839188, 'epoch': 0.79}
{'loss': 1.2761, 'grad_norm': 23.054035186767578, 'learning_rate': 4e-05, 'num_tokens': 213504.0, 'mean_token_accuracy': 0.6718475806713105, 'epoch': 0.8}
{'loss': 1.2814, 'grad_norm': 92.70368957519531, 'learning_rate': 4e-05, 'num_tokens': 214093.0, 'mean_token_accuracy': 0.6904312700033188, 'epoch': 0.8}
{'loss': 1.3574, 'grad_norm': 12.355561256408691, 'learning_rate': 4e-05, 'num_tokens': 214690.0, 'mean_token_accuracy': 0.6693812692165375, 'epoch': 0.8}
{'loss': 1.3349, 'grad_norm': 33.40220260620117, 'learning_rate': 4e-05, 'num_tokens': 215260.0, 'mean_token_accuracy': 0.6602415156364441, 'epoch': 0.8}
{'loss': 1.3106, 'grad_norm': 45.24256134033203, 'learning_rate': 4e-05, 'num_tokens': 215861.0, 'mean_token_accuracy': 0.6854224669933319, 'epoch': 0.8}
{'loss': 1.3888, 'grad_norm': 18.306550979614258, 'learning_rate': 4e-05, 'num_tokens': 216458.0, 'mean_token_accuracy': 0.6834358644485473, 'epoch': 0.81}
{'loss': 1.1751, 'grad_norm': 24.867738723754883, 'learning_rate': 4e-05, 'num_tokens': 217049.0, 'mean_token_accuracy': 0.7028320801258087, 'epoch': 0.81}
{'loss': 1.2191, 'grad_norm': 21.201967239379883, 'learning_rate': 4e-05, 'num_tokens': 217603.0, 'mean_token_accuracy': 0.6904665541648864, 'epoch': 0.81}
{'loss': 1.2655, 'grad_norm': 48.784244537353516, 'learning_rate': 4e-05, 'num_tokens': 218176.0, 'mean_token_accuracy': 0.7152758485078812, 'epoch': 0.81}
{'loss': 1.2667, 'grad_norm': 14.398545265197754, 'learning_rate': 4e-05, 'num_tokens': 218730.0, 'mean_token_accuracy': 0.6731858840584755, 'epoch': 0.82}
{'loss': 1.2548, 'grad_norm': 43.323055267333984, 'learning_rate': 4e-05, 'num_tokens': 219314.0, 'mean_token_accuracy': 0.6653214263916015, 'epoch': 0.82}
{'loss': 1.2029, 'grad_norm': 21.020402908325195, 'learning_rate': 4e-05, 'num_tokens': 219843.0, 'mean_token_accuracy': 0.6610201820731163, 'epoch': 0.82}
{'loss': 1.2145, 'grad_norm': 16.51518440246582, 'learning_rate': 4e-05, 'num_tokens': 220455.0, 'mean_token_accuracy': 0.6944979602098464, 'epoch': 0.82}
{'loss': 1.2513, 'grad_norm': 29.413814544677734, 'learning_rate': 4e-05, 'num_tokens': 221113.0, 'mean_token_accuracy': 0.6881665703654289, 'epoch': 0.82}
{'loss': 1.2604, 'grad_norm': 15.627995491027832, 'learning_rate': 4e-05, 'num_tokens': 221719.0, 'mean_token_accuracy': 0.6949413561820984, 'epoch': 0.83}
{'loss': 1.2265, 'grad_norm': 20.67780113220215, 'learning_rate': 4e-05, 'num_tokens': 222295.0, 'mean_token_accuracy': 0.7088256391882897, 'epoch': 0.83}
{'loss': 1.1767, 'grad_norm': 15.848342895507812, 'learning_rate': 4e-05, 'num_tokens': 222867.0, 'mean_token_accuracy': 0.6893199324607849, 'epoch': 0.83}
{'loss': 1.3435, 'grad_norm': 19.14731216430664, 'learning_rate': 4e-05, 'num_tokens': 223447.0, 'mean_token_accuracy': 0.6580429865419865, 'epoch': 0.83}
{'loss': 1.1665, 'grad_norm': 18.159873962402344, 'learning_rate': 4e-05, 'num_tokens': 224024.0, 'mean_token_accuracy': 0.7095414340496063, 'epoch': 0.84}
{'loss': 1.2641, 'grad_norm': 26.8818359375, 'learning_rate': 4e-05, 'num_tokens': 224557.0, 'mean_token_accuracy': 0.7099522933363914, 'epoch': 0.84}
{'loss': 1.221, 'grad_norm': 16.823135375976562, 'learning_rate': 4e-05, 'num_tokens': 225133.0, 'mean_token_accuracy': 0.6948807087540626, 'epoch': 0.84}
{'loss': 1.3664, 'grad_norm': 29.262483596801758, 'learning_rate': 4e-05, 'num_tokens': 225801.0, 'mean_token_accuracy': 0.6883311232924462, 'epoch': 0.84}
{'loss': 1.17, 'grad_norm': 17.53091049194336, 'learning_rate': 4e-05, 'num_tokens': 226386.0, 'mean_token_accuracy': 0.7113152873516083, 'epoch': 0.84}
{'loss': 1.162, 'grad_norm': 35.33421325683594, 'learning_rate': 4e-05, 'num_tokens': 227007.0, 'mean_token_accuracy': 0.7055122125148773, 'epoch': 0.85}
{'loss': 1.2046, 'grad_norm': 48.28972244262695, 'learning_rate': 4e-05, 'num_tokens': 227565.0, 'mean_token_accuracy': 0.6852053582668305, 'epoch': 0.85}
{'loss': 1.1527, 'grad_norm': 11.649073600769043, 'learning_rate': 4e-05, 'num_tokens': 228194.0, 'mean_token_accuracy': 0.7094438809156418, 'epoch': 0.85}
{'loss': 1.204, 'grad_norm': 18.208295822143555, 'learning_rate': 4e-05, 'num_tokens': 228761.0, 'mean_token_accuracy': 0.7012925165891647, 'epoch': 0.85}
{'loss': 1.2245, 'grad_norm': 21.18970489501953, 'learning_rate': 4e-05, 'num_tokens': 229417.0, 'mean_token_accuracy': 0.6849411541223526, 'epoch': 0.86}
{'loss': 1.1429, 'grad_norm': 23.512191772460938, 'learning_rate': 4e-05, 'num_tokens': 230017.0, 'mean_token_accuracy': 0.7009912455081939, 'epoch': 0.86}
{'loss': 1.1445, 'grad_norm': 7.951458930969238, 'learning_rate': 4e-05, 'num_tokens': 230563.0, 'mean_token_accuracy': 0.7368839824199677, 'epoch': 0.86}
{'loss': 1.1059, 'grad_norm': 16.473163604736328, 'learning_rate': 4e-05, 'num_tokens': 231133.0, 'mean_token_accuracy': 0.7350175106525421, 'epoch': 0.86}
{'loss': 1.1415, 'grad_norm': 13.088988304138184, 'learning_rate': 4e-05, 'num_tokens': 231771.0, 'mean_token_accuracy': 0.7100861829519272, 'epoch': 0.86}
{'loss': 1.1999, 'grad_norm': 25.5782413482666, 'learning_rate': 4e-05, 'num_tokens': 232355.0, 'mean_token_accuracy': 0.6876368874311447, 'epoch': 0.87}
{'loss': 1.3353, 'grad_norm': 15.879239082336426, 'learning_rate': 4e-05, 'num_tokens': 232947.0, 'mean_token_accuracy': 0.6293039250373841, 'epoch': 0.87}
{'loss': 1.2293, 'grad_norm': 68.68628692626953, 'learning_rate': 4e-05, 'num_tokens': 233597.0, 'mean_token_accuracy': 0.6763187655806542, 'epoch': 0.87}
{'loss': 1.2313, 'grad_norm': 36.96321105957031, 'learning_rate': 4e-05, 'num_tokens': 234161.0, 'mean_token_accuracy': 0.6872208124399185, 'epoch': 0.87}
{'loss': 1.3084, 'grad_norm': 23.05185317993164, 'learning_rate': 4e-05, 'num_tokens': 234745.0, 'mean_token_accuracy': 0.682616286277771, 'epoch': 0.88}
{'loss': 1.4507, 'grad_norm': 42.541473388671875, 'learning_rate': 4e-05, 'num_tokens': 235310.0, 'mean_token_accuracy': 0.6495391321182251, 'epoch': 0.88}
{'loss': 1.1875, 'grad_norm': 15.558588027954102, 'learning_rate': 4e-05, 'num_tokens': 235928.0, 'mean_token_accuracy': 0.700752649307251, 'epoch': 0.88}
{'loss': 1.2308, 'grad_norm': 17.819683074951172, 'learning_rate': 4e-05, 'num_tokens': 236585.0, 'mean_token_accuracy': 0.6930922520160675, 'epoch': 0.88}
{'loss': 1.2626, 'grad_norm': 32.44755554199219, 'learning_rate': 4e-05, 'num_tokens': 237156.0, 'mean_token_accuracy': 0.6815071892738342, 'epoch': 0.88}
{'loss': 1.2911, 'grad_norm': 22.631784439086914, 'learning_rate': 4e-05, 'num_tokens': 237732.0, 'mean_token_accuracy': 0.6793970102071762, 'epoch': 0.89}
{'loss': 1.2094, 'grad_norm': 7.770352363586426, 'learning_rate': 4e-05, 'num_tokens': 238290.0, 'mean_token_accuracy': 0.7029955634474754, 'epoch': 0.89}
{'loss': 1.2302, 'grad_norm': 42.56848907470703, 'learning_rate': 4e-05, 'num_tokens': 238922.0, 'mean_token_accuracy': 0.6915616428852082, 'epoch': 0.89}
{'loss': 1.1437, 'grad_norm': 22.13239097595215, 'learning_rate': 4e-05, 'num_tokens': 239509.0, 'mean_token_accuracy': 0.7026589894294739, 'epoch': 0.89}
{'loss': 1.3976, 'grad_norm': 20.620689392089844, 'learning_rate': 4e-05, 'num_tokens': 240091.0, 'mean_token_accuracy': 0.662936864644289, 'epoch': 0.9}
{'loss': 1.1308, 'grad_norm': 17.1137638092041, 'learning_rate': 4e-05, 'num_tokens': 240684.0, 'mean_token_accuracy': 0.7126176628470421, 'epoch': 0.9}
{'loss': 1.1811, 'grad_norm': 19.86160659790039, 'learning_rate': 4e-05, 'num_tokens': 241301.0, 'mean_token_accuracy': 0.6840325886011124, 'epoch': 0.9}
{'loss': 1.0933, 'grad_norm': 27.496397018432617, 'learning_rate': 4e-05, 'num_tokens': 241911.0, 'mean_token_accuracy': 0.7065661537647248, 'epoch': 0.9}
{'loss': 1.2844, 'grad_norm': 31.45513916015625, 'learning_rate': 4e-05, 'num_tokens': 242569.0, 'mean_token_accuracy': 0.6702001571655274, 'epoch': 0.9}
{'loss': 1.1695, 'grad_norm': 17.291460037231445, 'learning_rate': 4e-05, 'num_tokens': 243171.0, 'mean_token_accuracy': 0.7042550861835479, 'epoch': 0.91}
{'loss': 1.088, 'grad_norm': 22.880020141601562, 'learning_rate': 4e-05, 'num_tokens': 243703.0, 'mean_token_accuracy': 0.7270889776945114, 'epoch': 0.91}
{'loss': 1.2053, 'grad_norm': 20.25489044189453, 'learning_rate': 4e-05, 'num_tokens': 244269.0, 'mean_token_accuracy': 0.690067997276783, 'epoch': 0.91}
{'loss': 1.0639, 'grad_norm': 17.31331443786621, 'learning_rate': 4e-05, 'num_tokens': 244840.0, 'mean_token_accuracy': 0.7378470873832703, 'epoch': 0.91}
{'loss': 1.227, 'grad_norm': 11.728109359741211, 'learning_rate': 4e-05, 'num_tokens': 245420.0, 'mean_token_accuracy': 0.6927487850189209, 'epoch': 0.92}
{'loss': 1.137, 'grad_norm': 35.53932571411133, 'learning_rate': 4e-05, 'num_tokens': 246046.0, 'mean_token_accuracy': 0.7065522760152817, 'epoch': 0.92}
{'loss': 1.2138, 'grad_norm': 25.409832000732422, 'learning_rate': 4e-05, 'num_tokens': 246585.0, 'mean_token_accuracy': 0.6754011684656143, 'epoch': 0.92}
{'loss': 1.0191, 'grad_norm': 14.337430000305176, 'learning_rate': 4e-05, 'num_tokens': 247196.0, 'mean_token_accuracy': 0.7283881109952927, 'epoch': 0.92}
{'loss': 1.1701, 'grad_norm': 14.657120704650879, 'learning_rate': 4e-05, 'num_tokens': 247823.0, 'mean_token_accuracy': 0.7035365158319473, 'epoch': 0.92}
{'loss': 1.3224, 'grad_norm': 25.714881896972656, 'learning_rate': 4e-05, 'num_tokens': 248356.0, 'mean_token_accuracy': 0.6776564759016037, 'epoch': 0.93}
{'loss': 1.069, 'grad_norm': 16.350502014160156, 'learning_rate': 4e-05, 'num_tokens': 248920.0, 'mean_token_accuracy': 0.6922102880477905, 'epoch': 0.93}
{'loss': 1.1684, 'grad_norm': 22.824745178222656, 'learning_rate': 4e-05, 'num_tokens': 249492.0, 'mean_token_accuracy': 0.7146304383873939, 'epoch': 0.93}
{'loss': 1.1073, 'grad_norm': 39.72710418701172, 'learning_rate': 4e-05, 'num_tokens': 250076.0, 'mean_token_accuracy': 0.6928369116783142, 'epoch': 0.93}
{'loss': 1.264, 'grad_norm': 27.814279556274414, 'learning_rate': 4e-05, 'num_tokens': 250698.0, 'mean_token_accuracy': 0.6680971825122833, 'epoch': 0.94}
{'loss': 1.1541, 'grad_norm': 24.752164840698242, 'learning_rate': 4e-05, 'num_tokens': 251274.0, 'mean_token_accuracy': 0.6896553486585617, 'epoch': 0.94}
{'loss': 1.1812, 'grad_norm': 10.975347518920898, 'learning_rate': 4e-05, 'num_tokens': 251853.0, 'mean_token_accuracy': 0.6899366313219071, 'epoch': 0.94}
{'loss': 1.2477, 'grad_norm': 52.607357025146484, 'learning_rate': 4e-05, 'num_tokens': 252495.0, 'mean_token_accuracy': 0.6526909637451171, 'epoch': 0.94}
{'loss': 1.2119, 'grad_norm': 74.2237777709961, 'learning_rate': 4e-05, 'num_tokens': 253087.0, 'mean_token_accuracy': 0.6755119580030441, 'epoch': 0.94}
{'loss': 1.2245, 'grad_norm': 23.70992088317871, 'learning_rate': 4e-05, 'num_tokens': 253655.0, 'mean_token_accuracy': 0.6961464977264404, 'epoch': 0.95}
{'loss': 1.0876, 'grad_norm': 13.548562049865723, 'learning_rate': 4e-05, 'num_tokens': 254266.0, 'mean_token_accuracy': 0.7140052476525307, 'epoch': 0.95}
{'loss': 1.2581, 'grad_norm': 14.550135612487793, 'learning_rate': 4e-05, 'num_tokens': 254880.0, 'mean_token_accuracy': 0.6912953132390975, 'epoch': 0.95}
{'loss': 1.0893, 'grad_norm': 42.77511215209961, 'learning_rate': 4e-05, 'num_tokens': 255491.0, 'mean_token_accuracy': 0.7276189637184143, 'epoch': 0.95}
{'loss': 1.0628, 'grad_norm': 23.554500579833984, 'learning_rate': 4e-05, 'num_tokens': 256073.0, 'mean_token_accuracy': 0.7220099985599517, 'epoch': 0.96}
{'loss': 1.0775, 'grad_norm': 15.869665145874023, 'learning_rate': 4e-05, 'num_tokens': 256698.0, 'mean_token_accuracy': 0.7147472929954529, 'epoch': 0.96}
{'loss': 1.006, 'grad_norm': 30.308124542236328, 'learning_rate': 4e-05, 'num_tokens': 257341.0, 'mean_token_accuracy': 0.7271163958311081, 'epoch': 0.96}
{'loss': 1.0687, 'grad_norm': 16.562246322631836, 'learning_rate': 4e-05, 'num_tokens': 257892.0, 'mean_token_accuracy': 0.6950956624746323, 'epoch': 0.96}
{'loss': 1.2345, 'grad_norm': 91.16238403320312, 'learning_rate': 4e-05, 'num_tokens': 258463.0, 'mean_token_accuracy': 0.6482289783656597, 'epoch': 0.96}
{'loss': 1.0232, 'grad_norm': 38.37443161010742, 'learning_rate': 4e-05, 'num_tokens': 259056.0, 'mean_token_accuracy': 0.740765769481659, 'epoch': 0.97}
{'loss': 1.1458, 'grad_norm': 25.290220260620117, 'learning_rate': 4e-05, 'num_tokens': 259606.0, 'mean_token_accuracy': 0.6937901252508163, 'epoch': 0.97}
{'loss': 1.1753, 'grad_norm': 13.418160438537598, 'learning_rate': 4e-05, 'num_tokens': 260162.0, 'mean_token_accuracy': 0.7000981569290161, 'epoch': 0.97}
{'loss': 1.2425, 'grad_norm': 21.725309371948242, 'learning_rate': 4e-05, 'num_tokens': 260737.0, 'mean_token_accuracy': 0.7062473174929619, 'epoch': 0.97}
{'loss': 1.0547, 'grad_norm': 29.390295028686523, 'learning_rate': 4e-05, 'num_tokens': 261330.0, 'mean_token_accuracy': 0.7147474020719529, 'epoch': 0.98}
{'loss': 1.0781, 'grad_norm': 19.113950729370117, 'learning_rate': 4e-05, 'num_tokens': 261901.0, 'mean_token_accuracy': 0.7284194278717041, 'epoch': 0.98}
{'loss': 1.0847, 'grad_norm': 22.409652709960938, 'learning_rate': 4e-05, 'num_tokens': 262508.0, 'mean_token_accuracy': 0.7194518285989762, 'epoch': 0.98}
{'loss': 1.198, 'grad_norm': 28.47807502746582, 'learning_rate': 4e-05, 'num_tokens': 263118.0, 'mean_token_accuracy': 0.6845680797100067, 'epoch': 0.98}
{'loss': 1.1058, 'grad_norm': 19.05344581604004, 'learning_rate': 4e-05, 'num_tokens': 263745.0, 'mean_token_accuracy': 0.71237253844738, 'epoch': 0.98}
{'loss': 1.1431, 'grad_norm': 18.4437255859375, 'learning_rate': 4e-05, 'num_tokens': 264408.0, 'mean_token_accuracy': 0.7082576495409012, 'epoch': 0.99}
{'loss': 1.1028, 'grad_norm': 22.387767791748047, 'learning_rate': 4e-05, 'num_tokens': 265072.0, 'mean_token_accuracy': 0.7075418061017991, 'epoch': 0.99}
{'loss': 1.1474, 'grad_norm': 10.970163345336914, 'learning_rate': 4e-05, 'num_tokens': 265693.0, 'mean_token_accuracy': 0.6868306440114975, 'epoch': 0.99}
{'loss': 1.1472, 'grad_norm': 15.709324836730957, 'learning_rate': 4e-05, 'num_tokens': 266309.0, 'mean_token_accuracy': 0.7064395940303803, 'epoch': 0.99}
{'loss': 1.2294, 'grad_norm': 43.307010650634766, 'learning_rate': 4e-05, 'num_tokens': 266922.0, 'mean_token_accuracy': 0.6934194555878639, 'epoch': 0.99}
{'loss': 1.2964, 'grad_norm': 26.00014877319336, 'learning_rate': 4e-05, 'num_tokens': 267466.0, 'mean_token_accuracy': 0.7115154345333576, 'epoch': 1.0}
{'loss': 1.2058, 'grad_norm': 36.454593658447266, 'learning_rate': 4e-05, 'num_tokens': 268058.0, 'mean_token_accuracy': 0.6396459507942199, 'epoch': 1.0}
{'train_runtime': 3743.8437, 'train_samples_per_second': 6.041, 'train_steps_per_second': 6.041, 'train_loss': 1.716549483996536, 'num_tokens': 268265.0, 'mean_token_accuracy': 0.7574887832005819, 'epoch': 1.0}
